2020-11-16T12:59:57+00:00 ERROR Error getting remote inbox notification data feed
2020-11-16T12:59:57+00:00 ERROR WP_Error Object
(
    [errors] => Array
        (
            [http_request_failed] => Array
                (
                    [0] => cURL error 28: Operation timed out after 5009 milliseconds with 0 out of 0 bytes received
                )

        )

    [error_data] => Array
        (
        )

)

2020-11-16T13:00:02+00:00 ERROR Error getting remote inbox notification data feed
2020-11-16T13:00:02+00:00 ERROR WP_Error Object
(
    [errors] => Array
        (
            [http_request_failed] => Array
                (
                    [0] => cURL error 28: Operation timed out after 5019 milliseconds with 0 out of 0 bytes received
                )

        )

    [error_data] => Array
        (
        )

)

2020-11-16T13:00:31+00:00 ERROR Error getting remote inbox notification data feed
2020-11-16T13:00:31+00:00 ERROR WP_Error Object
(
    [errors] => Array
        (
            [http_request_failed] => Array
                (
                    [0] => cURL error 28: Operation timed out after 5019 milliseconds with 0 out of 0 bytes received
                )

        )

    [error_data] => Array
        (
        )

)

2020-11-16T13:00:36+00:00 ERROR Error getting remote inbox notification data feed
2020-11-16T13:00:36+00:00 ERROR WP_Error Object
(
    [errors] => Array
        (
            [http_request_failed] => Array
                (
                    [0] => cURL error 28: Operation timed out after 5009 milliseconds with 0 bytes received
                )

        )

    [error_data] => Array
        (
        )

)

